#! /c/Source/iverilog-install/bin/vvp
:ivl_version "12.0 (devel)" "(s20150603-1110-g18392a46)";
:ivl_delay_selection "TYPICAL";
:vpi_time_precision - 9;
:vpi_module "F:\iverilog\lib\ivl\system.vpi";
:vpi_module "F:\iverilog\lib\ivl\vhdl_sys.vpi";
:vpi_module "F:\iverilog\lib\ivl\vhdl_textio.vpi";
:vpi_module "F:\iverilog\lib\ivl\v2005_math.vpi";
:vpi_module "F:\iverilog\lib\ivl\va_math.vpi";
S_0000023933672c80 .scope module, "Counter_M5" "Counter_M5" 2 3;
 .timescale -9 -9;
    .port_info 0 /INPUT 1 "clk";
    .port_info 1 /INPUT 1 "rst_n";
    .port_info 2 /OUTPUT 1 "z";
    .port_info 3 /OUTPUT 3 "qout";
o00000239336a7fb8 .functor BUFZ 1, C4<z>; HiZ drive
v0000023933673240_0 .net "clk", 0 0, o00000239336a7fb8;  0 drivers
v000002393365bd70_0 .var "qout", 2 0;
o00000239336a8018 .functor BUFZ 1, C4<z>; HiZ drive
v000002393365be10_0 .net "rst_n", 0 0, o00000239336a8018;  0 drivers
v000002393365beb0_0 .var "z", 0 0;
E_000002393365d670/0 .event negedge, v000002393365be10_0;
E_000002393365d670/1 .event posedge, v0000023933673240_0;
E_000002393365d670 .event/or E_000002393365d670/0, E_000002393365d670/1;
    .scope S_0000023933672c80;
T_0 ;
    %wait E_000002393365d670;
    %load/vec4 v000002393365be10_0;
    %nor/r;
    %flag_set/vec4 8;
    %jmp/0xz  T_0.0, 8;
    %pushi/vec4 0, 0, 3;
    %assign/vec4 v000002393365bd70_0, 0;
    %jmp T_0.1;
T_0.0 ;
    %load/vec4 v000002393365bd70_0;
    %dup/vec4;
    %pushi/vec4 0, 0, 3;
    %cmp/u;
    %jmp/1 T_0.2, 6;
    %dup/vec4;
    %pushi/vec4 1, 0, 3;
    %cmp/u;
    %jmp/1 T_0.3, 6;
    %dup/vec4;
    %pushi/vec4 2, 0, 3;
    %cmp/u;
    %jmp/1 T_0.4, 6;
    %dup/vec4;
    %pushi/vec4 3, 0, 3;
    %cmp/u;
    %jmp/1 T_0.5, 6;
    %dup/vec4;
    %pushi/vec4 4, 0, 3;
    %cmp/u;
    %jmp/1 T_0.6, 6;
    %pushi/vec4 0, 0, 3;
    %assign/vec4 v000002393365bd70_0, 0;
    %pushi/vec4 0, 0, 1;
    %store/vec4 v000002393365beb0_0, 0, 1;
    %jmp T_0.8;
T_0.2 ;
    %pushi/vec4 1, 0, 3;
    %assign/vec4 v000002393365bd70_0, 0;
    %pushi/vec4 0, 0, 1;
    %store/vec4 v000002393365beb0_0, 0, 1;
    %jmp T_0.8;
T_0.3 ;
    %pushi/vec4 2, 0, 3;
    %assign/vec4 v000002393365bd70_0, 0;
    %pushi/vec4 0, 0, 1;
    %store/vec4 v000002393365beb0_0, 0, 1;
    %jmp T_0.8;
T_0.4 ;
    %pushi/vec4 3, 0, 3;
    %assign/vec4 v000002393365bd70_0, 0;
    %pushi/vec4 0, 0, 1;
    %store/vec4 v000002393365beb0_0, 0, 1;
    %jmp T_0.8;
T_0.5 ;
    %pushi/vec4 4, 0, 3;
    %assign/vec4 v000002393365bd70_0, 0;
    %pushi/vec4 1, 0, 1;
    %store/vec4 v000002393365beb0_0, 0, 1;
    %jmp T_0.8;
T_0.6 ;
    %pushi/vec4 0, 0, 3;
    %assign/vec4 v000002393365bd70_0, 0;
    %pushi/vec4 0, 0, 1;
    %store/vec4 v000002393365beb0_0, 0, 1;
    %jmp T_0.8;
T_0.8 ;
    %pop/vec4 1;
T_0.1 ;
    %jmp T_0;
    .thread T_0;
# The file index is used to find the file name in the following table.
:file_names 3;
    "N/A";
    "<interactive>";
    "Counter_M5.v";
