#! /c/Source/iverilog-install/bin/vvp
:ivl_version "12.0 (devel)" "(s20150603-1110-g18392a46)";
:ivl_delay_selection "TYPICAL";
:vpi_time_precision - 9;
:vpi_module "F:\iverilog\lib\ivl\system.vpi";
:vpi_module "F:\iverilog\lib\ivl\vhdl_sys.vpi";
:vpi_module "F:\iverilog\lib\ivl\vhdl_textio.vpi";
:vpi_module "F:\iverilog\lib\ivl\v2005_math.vpi";
:vpi_module "F:\iverilog\lib\ivl\va_math.vpi";
S_0000021cf35dbc60 .scope module, "tb_Counter_M5" "tb_Counter_M5" 2 5;
 .timescale -9 -9;
P_0000021cf35d85a0 .param/l "PERIOD" 0 2 8, +C4<00000000000000000000000000001010>;
v0000021cf34d2c50_0 .var "clk", 0 0;
v0000021cf34d2cf0_0 .net "qout", 2 0, v0000021cf35db9d0_0;  1 drivers
v0000021cf34d2d90_0 .var "rst_n", 0 0;
v0000021cf34d2e30_0 .net "z", 0 0, v0000021cf34d2bb0_0;  1 drivers
S_0000021cf35dbdf0 .scope module, "u_Counter_M5" "Counter_M5" 2 19, 3 3 0, S_0000021cf35dbc60;
 .timescale -9 -9;
    .port_info 0 /INPUT 1 "clk";
    .port_info 1 /INPUT 1 "rst_n";
    .port_info 2 /OUTPUT 1 "z";
    .port_info 3 /OUTPUT 3 "qout";
v0000021cf34d3280_0 .net "clk", 0 0, v0000021cf34d2c50_0;  1 drivers
v0000021cf35db9d0_0 .var "qout", 2 0;
v0000021cf3507ce0_0 .net "rst_n", 0 0, v0000021cf34d2d90_0;  1 drivers
v0000021cf34d2bb0_0 .var "z", 0 0;
E_0000021cf35d8260/0 .event negedge, v0000021cf3507ce0_0;
E_0000021cf35d8260/1 .event posedge, v0000021cf34d3280_0;
E_0000021cf35d8260 .event/or E_0000021cf35d8260/0, E_0000021cf35d8260/1;
    .scope S_0000021cf35dbdf0;
T_0 ;
    %wait E_0000021cf35d8260;
    %load/vec4 v0000021cf3507ce0_0;
    %nor/r;
    %flag_set/vec4 8;
    %jmp/0xz  T_0.0, 8;
    %pushi/vec4 0, 0, 3;
    %assign/vec4 v0000021cf35db9d0_0, 0;
    %jmp T_0.1;
T_0.0 ;
    %load/vec4 v0000021cf35db9d0_0;
    %dup/vec4;
    %pushi/vec4 0, 0, 3;
    %cmp/u;
    %jmp/1 T_0.2, 6;
    %dup/vec4;
    %pushi/vec4 1, 0, 3;
    %cmp/u;
    %jmp/1 T_0.3, 6;
    %dup/vec4;
    %pushi/vec4 2, 0, 3;
    %cmp/u;
    %jmp/1 T_0.4, 6;
    %dup/vec4;
    %pushi/vec4 3, 0, 3;
    %cmp/u;
    %jmp/1 T_0.5, 6;
    %dup/vec4;
    %pushi/vec4 4, 0, 3;
    %cmp/u;
    %jmp/1 T_0.6, 6;
    %pushi/vec4 0, 0, 3;
    %assign/vec4 v0000021cf35db9d0_0, 0;
    %pushi/vec4 0, 0, 1;
    %store/vec4 v0000021cf34d2bb0_0, 0, 1;
    %jmp T_0.8;
T_0.2 ;
    %pushi/vec4 1, 0, 3;
    %assign/vec4 v0000021cf35db9d0_0, 0;
    %pushi/vec4 0, 0, 1;
    %store/vec4 v0000021cf34d2bb0_0, 0, 1;
    %jmp T_0.8;
T_0.3 ;
    %pushi/vec4 2, 0, 3;
    %assign/vec4 v0000021cf35db9d0_0, 0;
    %pushi/vec4 0, 0, 1;
    %store/vec4 v0000021cf34d2bb0_0, 0, 1;
    %jmp T_0.8;
T_0.4 ;
    %pushi/vec4 3, 0, 3;
    %assign/vec4 v0000021cf35db9d0_0, 0;
    %pushi/vec4 0, 0, 1;
    %store/vec4 v0000021cf34d2bb0_0, 0, 1;
    %jmp T_0.8;
T_0.5 ;
    %pushi/vec4 4, 0, 3;
    %assign/vec4 v0000021cf35db9d0_0, 0;
    %pushi/vec4 1, 0, 1;
    %store/vec4 v0000021cf34d2bb0_0, 0, 1;
    %jmp T_0.8;
T_0.6 ;
    %pushi/vec4 0, 0, 3;
    %assign/vec4 v0000021cf35db9d0_0, 0;
    %pushi/vec4 0, 0, 1;
    %store/vec4 v0000021cf34d2bb0_0, 0, 1;
    %jmp T_0.8;
T_0.8 ;
    %pop/vec4 1;
T_0.1 ;
    %jmp T_0;
    .thread T_0;
    .scope S_0000021cf35dbc60;
T_1 ;
    %pushi/vec4 0, 0, 1;
    %store/vec4 v0000021cf34d2c50_0, 0, 1;
    %pushi/vec4 0, 0, 1;
    %store/vec4 v0000021cf34d2d90_0, 0, 1;
    %end;
    .thread T_1;
    .scope S_0000021cf35dbc60;
T_2 ;
    %pushi/vec4 1, 0, 1;
    %assign/vec4 v0000021cf34d2c50_0, 0;
    %pushi/vec4 0, 0, 1;
    %assign/vec4 v0000021cf34d2d90_0, 0;
    %delay 10, 0;
    %pushi/vec4 1, 0, 1;
    %assign/vec4 v0000021cf34d2d90_0, 0;
    %end;
    .thread T_2;
    .scope S_0000021cf35dbc60;
T_3 ;
    %delay 20, 0;
    %load/vec4 v0000021cf34d2c50_0;
    %inv;
    %store/vec4 v0000021cf34d2c50_0, 0, 1;
    %jmp T_3;
    .thread T_3;
    .scope S_0000021cf35dbc60;
T_4 ;
    %vpi_call 2 38 "$dumpfile", "Counter_M5.vcd" {0 0 0};
    %vpi_call 2 39 "$dumpvars" {0 0 0};
    %vpi_call 2 40 "$finish" {0 0 0};
    %end;
    .thread T_4;
# The file index is used to find the file name in the following table.
:file_names 4;
    "N/A";
    "<interactive>";
    "tb_Counter_M5.v";
    "./Counter_M5.v";
