EDA Netlist Writer report for Seq_101
Tue Jan 31 00:45:01 2023
Quartus Prime Version 17.1.0 Build 590 10/25/2017 SJ Lite Edition


---------------------
; Table of Contents ;
---------------------
  1. Legal Notice
  2. EDA Netlist Writer Summary
  3. Simulation Settings
  4. Simulation Generated Files
  5. EDA Netlist Writer Messages



----------------
; Legal Notice ;
----------------
Copyright (C) 2017  Intel Corporation. All rights reserved.
Your use of Intel Corporation's design tools, logic functions 
and other software and tools, and its AMPP partner logic 
functions, and any output files from any of the foregoing 
(including device programming or simulation files), and any 
associated documentation or information are expressly subject 
to the terms and conditions of the Intel Program License 
Subscription Agreement, the Intel Quartus Prime License Agreement,
the Intel FPGA IP License Agreement, or other applicable license
agreement, including, without limitation, that your use is for
the sole purpose of programming logic devices manufactured by
Intel and sold by Intel or its authorized distributors.  Please
refer to the applicable agreement for further details.



+-------------------------------------------------------------------+
; EDA Netlist Writer Summary                                        ;
+---------------------------+---------------------------------------+
; EDA Netlist Writer Status ; Successful - Tue Jan 31 00:45:01 2023 ;
; Revision Name             ; Seq_101                               ;
; Top-level Entity Name     ; Seq_101                               ;
; Family                    ; Cyclone IV E                          ;
; Simulation Files Creation ; Successful                            ;
+---------------------------+---------------------------------------+


+------------------------------------------------------------------------------------------------------------------------+
; Simulation Settings                                                                                                    ;
+---------------------------------------------------------------------------------------------------+--------------------+
; Option                                                                                            ; Setting            ;
+---------------------------------------------------------------------------------------------------+--------------------+
; Tool Name                                                                                         ; ModelSim (Verilog) ;
; Generate functional simulation netlist                                                            ; Off                ;
; Time scale                                                                                        ; 1 ns               ;
; Truncate long hierarchy paths                                                                     ; Off                ;
; Map illegal HDL characters                                                                        ; Off                ;
; Flatten buses into individual nodes                                                               ; Off                ;
; Maintain hierarchy                                                                                ; Off                ;
; Bring out device-wide set/reset signals as ports                                                  ; Off                ;
; Enable glitch filtering                                                                           ; Off                ;
; Do not write top level VHDL entity                                                                ; Off                ;
; Disable detection of setup and hold time violations in the input registers of bi-directional pins ; Off                ;
; Architecture name in VHDL output netlist                                                          ; structure          ;
; Generate third-party EDA tool command script for RTL functional simulation                        ; Off                ;
; Generate third-party EDA tool command script for gate-level simulation                            ; Off                ;
+---------------------------------------------------------------------------------------------------+--------------------+


+-------------------------------------------------------------------------------------------------------------------+
; Simulation Generated Files                                                                                        ;
+-------------------------------------------------------------------------------------------------------------------+
; Generated Files                                                                                                   ;
+-------------------------------------------------------------------------------------------------------------------+
; F:/Learning/FPGA/Project/Altera/FSM/SEQ_101/Projecct_quartus/simulation/modelsim/Seq_101_8_1200mv_85c_slow.vo     ;
; F:/Learning/FPGA/Project/Altera/FSM/SEQ_101/Projecct_quartus/simulation/modelsim/Seq_101_8_1200mv_0c_slow.vo      ;
; F:/Learning/FPGA/Project/Altera/FSM/SEQ_101/Projecct_quartus/simulation/modelsim/Seq_101_min_1200mv_0c_fast.vo    ;
; F:/Learning/FPGA/Project/Altera/FSM/SEQ_101/Projecct_quartus/simulation/modelsim/Seq_101.vo                       ;
; F:/Learning/FPGA/Project/Altera/FSM/SEQ_101/Projecct_quartus/simulation/modelsim/Seq_101_8_1200mv_85c_v_slow.sdo  ;
; F:/Learning/FPGA/Project/Altera/FSM/SEQ_101/Projecct_quartus/simulation/modelsim/Seq_101_8_1200mv_0c_v_slow.sdo   ;
; F:/Learning/FPGA/Project/Altera/FSM/SEQ_101/Projecct_quartus/simulation/modelsim/Seq_101_min_1200mv_0c_v_fast.sdo ;
; F:/Learning/FPGA/Project/Altera/FSM/SEQ_101/Projecct_quartus/simulation/modelsim/Seq_101_v.sdo                    ;
+-------------------------------------------------------------------------------------------------------------------+


+-----------------------------+
; EDA Netlist Writer Messages ;
+-----------------------------+
Info: *******************************************************************
Info: Running Quartus Prime EDA Netlist Writer
    Info: Version 17.1.0 Build 590 10/25/2017 SJ Lite Edition
    Info: Processing started: Tue Jan 31 00:44:59 2023
Info: Command: quartus_eda --read_settings_files=off --write_settings_files=off Seq_101 -c Seq_101
Warning (18236): Number of processors has not been specified which may cause overloading on shared machines.  Set the global assignment NUM_PARALLEL_PROCESSORS in your QSF to an appropriate value for best performance.
Warning (202000): An incorrect timescale is selected for the Verilog Output (.VO) file of this PLL design. It's required that the timescale should be 1 ps when simulating a PLL design in a third party EDA tool.
Info (204019): Generated file Seq_101_8_1200mv_85c_slow.vo in folder "F:/Learning/FPGA/Project/Altera/FSM/SEQ_101/Projecct_quartus/simulation/modelsim/" for EDA simulation tool
Warning (202000): An incorrect timescale is selected for the Verilog Output (.VO) file of this PLL design. It's required that the timescale should be 1 ps when simulating a PLL design in a third party EDA tool.
Info (204019): Generated file Seq_101_8_1200mv_0c_slow.vo in folder "F:/Learning/FPGA/Project/Altera/FSM/SEQ_101/Projecct_quartus/simulation/modelsim/" for EDA simulation tool
Warning (202000): An incorrect timescale is selected for the Verilog Output (.VO) file of this PLL design. It's required that the timescale should be 1 ps when simulating a PLL design in a third party EDA tool.
Info (204019): Generated file Seq_101_min_1200mv_0c_fast.vo in folder "F:/Learning/FPGA/Project/Altera/FSM/SEQ_101/Projecct_quartus/simulation/modelsim/" for EDA simulation tool
Warning (202000): An incorrect timescale is selected for the Verilog Output (.VO) file of this PLL design. It's required that the timescale should be 1 ps when simulating a PLL design in a third party EDA tool.
Info (204019): Generated file Seq_101.vo in folder "F:/Learning/FPGA/Project/Altera/FSM/SEQ_101/Projecct_quartus/simulation/modelsim/" for EDA simulation tool
Info (204019): Generated file Seq_101_8_1200mv_85c_v_slow.sdo in folder "F:/Learning/FPGA/Project/Altera/FSM/SEQ_101/Projecct_quartus/simulation/modelsim/" for EDA simulation tool
Info (204019): Generated file Seq_101_8_1200mv_0c_v_slow.sdo in folder "F:/Learning/FPGA/Project/Altera/FSM/SEQ_101/Projecct_quartus/simulation/modelsim/" for EDA simulation tool
Info (204019): Generated file Seq_101_min_1200mv_0c_v_fast.sdo in folder "F:/Learning/FPGA/Project/Altera/FSM/SEQ_101/Projecct_quartus/simulation/modelsim/" for EDA simulation tool
Info (204019): Generated file Seq_101_v.sdo in folder "F:/Learning/FPGA/Project/Altera/FSM/SEQ_101/Projecct_quartus/simulation/modelsim/" for EDA simulation tool
Info: Quartus Prime EDA Netlist Writer was successful. 0 errors, 5 warnings
    Info: Peak virtual memory: 4641 megabytes
    Info: Processing ended: Tue Jan 31 00:45:01 2023
    Info: Elapsed time: 00:00:02
    Info: Total CPU time (on all processors): 00:00:02


